<?xml version="1.0" encoding="UTF-8"?>
<testng-results skipped="0" failed="0" ignored="0" total="1" passed="1">
  <reporter-output>
  </reporter-output>
  <suite name="Default suite" duration-ms="16817" started-at="2018-09-10T09:12:43Z" finished-at="2018-09-10T09:13:00Z">
    <groups>
    </groups>
    <test name="Default test" duration-ms="16817" started-at="2018-09-10T09:12:43Z" finished-at="2018-09-10T09:13:00Z">
      <class name="Simple_code.NewTest">
        <test-method status="PASS" signature="beforeMethod()[pri:0, instance:Simple_code.NewTest@3e6fa38a]" name="beforeMethod" is-config="true" duration-ms="16661" started-at="2018-09-10T14:42:43Z" finished-at="2018-09-10T14:43:00Z">
          <reporter-output>
          </reporter-output>
        </test-method> <!-- beforeMethod -->
        <test-method status="PASS" signature="f()[pri:0, instance:Simple_code.NewTest@3e6fa38a]" name="f" duration-ms="121" started-at="2018-09-10T14:43:00Z" finished-at="2018-09-10T14:43:00Z">
          <reporter-output>
          </reporter-output>
        </test-method> <!-- f -->
        <test-method status="PASS" signature="afterMethod()[pri:0, instance:Simple_code.NewTest@3e6fa38a]" name="afterMethod" is-config="true" duration-ms="0" started-at="2018-09-10T14:43:00Z" finished-at="2018-09-10T14:43:00Z">
          <reporter-output>
          </reporter-output>
        </test-method> <!-- afterMethod -->
      </class> <!-- Simple_code.NewTest -->
    </test> <!-- Default test -->
  </suite> <!-- Default suite -->
</testng-results>
